<?xml version="1.0" encoding="UTF-8"?>
<!-- Generated by org.testng.reporters.JUnitReportReporter -->
<testsuite skipped="0" hostname="Mohammeds-MBP.cable.rcn.com" name="practice.collections.codes.ListExample" tests="1" failures="0" timestamp="27 Mar 2022 21:57:55 GMT" time="0.010" errors="0">
  <testcase name="linkListTest" time="0.010" classname="practice.collections.codes.ListExample"/>
</testsuite> <!-- practice.collections.codes.ListExample -->
