<?xml version="1.0" encoding="UTF-8"?>
<!-- Generated by org.testng.reporters.JUnitReportReporter -->
<testsuite skipped="0" hostname="Mohammeds-MBP.cable.rcn.com" name="com.usa.testNG.TestAPI" tests="1" failures="0" timestamp="04 Dec 2021 23:46:38 GMT" time="2.598" errors="0">
  <testcase name="getPostMethod" time="2.598" classname="com.usa.testNG.TestAPI"/>
</testsuite> <!-- com.usa.testNG.TestAPI -->
