<?xml version="1.0" encoding="UTF-8"?>
<!-- Generated by org.testng.reporters.JUnitReportReporter -->
<testsuite skipped="0" hostname="Mohammeds-MBP.cable.rcn.com" name="practice.collections.codes.DuplicatesInArray" tests="1" failures="0" timestamp="16 Oct 2021 03:05:04 GMT" time="0.023" errors="0">
  <testcase name="getIndeexElements" time="0.023" classname="practice.collections.codes.DuplicatesInArray"/>
</testsuite> <!-- practice.collections.codes.DuplicatesInArray -->
